[0.102s] DEBUG:colcon:Command line arguments: ['/usr/bin/colcon', 'build']
[0.102s] DEBUG:colcon:Parsed command line arguments: Namespace(log_base=None, log_level=None, verb_name='build', build_base='build', install_base='install', merge_install=False, symlink_install=False, test_result_base=None, continue_on_error=False, executor='parallel', parallel_workers=14, event_handlers=None, ignore_user_meta=False, metas=['./colcon.meta'], base_paths=['.'], packages_ignore=None, packages_ignore_regex=None, paths=None, packages_up_to=None, packages_up_to_regex=None, packages_above=None, packages_above_and_dependencies=None, packages_above_depth=None, packages_select_by_dep=None, packages_skip_by_dep=None, packages_skip_up_to=None, packages_select_build_failed=False, packages_skip_build_finished=False, packages_select_test_failures=False, packages_skip_test_passed=False, packages_select=None, packages_skip=None, packages_select_regex=None, packages_skip_regex=None, packages_start=None, packages_end=None, allow_overriding=[], cmake_args=None, cmake_target=None, cmake_target_skip_unavailable=False, cmake_clean_cache=False, cmake_clean_first=False, cmake_force_configure=False, ament_cmake_args=None, catkin_cmake_args=None, catkin_skip_building_tests=False, verb_parser=<colcon_defaults.argument_parser.defaults.DefaultArgumentsDecorator object at 0x70fd40237370>, verb_extension=<colcon_core.verb.build.BuildVerb object at 0x70fd40236e30>, main=<bound method BuildVerb.main of <colcon_core.verb.build.BuildVerb object at 0x70fd40236e30>>)
[0.283s] Level 1:colcon.colcon_core.package_discovery:discover_packages(colcon_meta) check parameters
[0.283s] Level 1:colcon.colcon_core.package_discovery:discover_packages(recursive) check parameters
[0.283s] Level 1:colcon.colcon_core.package_discovery:discover_packages(ignore) check parameters
[0.283s] Level 1:colcon.colcon_core.package_discovery:discover_packages(path) check parameters
[0.283s] Level 1:colcon.colcon_core.package_discovery:discover_packages(colcon_meta) discover
[0.283s] Level 1:colcon.colcon_core.package_discovery:discover_packages(recursive) discover
[0.283s] INFO:colcon.colcon_core.package_discovery:Crawling recursively for packages in '/home/aahir/Group_01'
[0.283s] Level 1:colcon.colcon_core.package_identification:_identify(.) by extensions ['ignore', 'ignore_ament_install']
[0.283s] Level 1:colcon.colcon_core.package_identification:_identify(.) by extension 'ignore'
[0.283s] Level 1:colcon.colcon_core.package_identification:_identify(.) by extension 'ignore_ament_install'
[0.283s] Level 1:colcon.colcon_core.package_identification:_identify(.) by extensions ['colcon_pkg']
[0.283s] Level 1:colcon.colcon_core.package_identification:_identify(.) by extension 'colcon_pkg'
[0.284s] Level 1:colcon.colcon_core.package_identification:_identify(.) by extensions ['colcon_meta']
[0.284s] Level 1:colcon.colcon_core.package_identification:_identify(.) by extension 'colcon_meta'
[0.284s] Level 1:colcon.colcon_core.package_identification:_identify(.) by extensions ['ros']
[0.284s] Level 1:colcon.colcon_core.package_identification:_identify(.) by extension 'ros'
[0.289s] Level 1:colcon.colcon_core.package_identification:_identify(.) by extensions ['cmake', 'python']
[0.289s] Level 1:colcon.colcon_core.package_identification:_identify(.) by extension 'cmake'
[0.289s] Level 1:colcon.colcon_core.package_identification:_identify(.) by extension 'python'
[0.289s] Level 1:colcon.colcon_core.package_identification:_identify(.) by extensions ['python_setup_py']
[0.289s] Level 1:colcon.colcon_core.package_identification:_identify(.) by extension 'python_setup_py'
[0.289s] Level 1:colcon.colcon_core.package_identification:_identify(C++ Courses) by extensions ['ignore', 'ignore_ament_install']
[0.289s] Level 1:colcon.colcon_core.package_identification:_identify(C++ Courses) by extension 'ignore'
[0.289s] Level 1:colcon.colcon_core.package_identification:_identify(C++ Courses) by extension 'ignore_ament_install'
[0.289s] Level 1:colcon.colcon_core.package_identification:_identify(C++ Courses) by extensions ['colcon_pkg']
[0.289s] Level 1:colcon.colcon_core.package_identification:_identify(C++ Courses) by extension 'colcon_pkg'
[0.289s] Level 1:colcon.colcon_core.package_identification:_identify(C++ Courses) by extensions ['colcon_meta']
[0.289s] Level 1:colcon.colcon_core.package_identification:_identify(C++ Courses) by extension 'colcon_meta'
[0.289s] Level 1:colcon.colcon_core.package_identification:_identify(C++ Courses) by extensions ['ros']
[0.289s] Level 1:colcon.colcon_core.package_identification:_identify(C++ Courses) by extension 'ros'
[0.289s] Level 1:colcon.colcon_core.package_identification:_identify(C++ Courses) by extensions ['cmake', 'python']
[0.289s] Level 1:colcon.colcon_core.package_identification:_identify(C++ Courses) by extension 'cmake'
[0.289s] Level 1:colcon.colcon_core.package_identification:_identify(C++ Courses) by extension 'python'
[0.289s] Level 1:colcon.colcon_core.package_identification:_identify(C++ Courses) by extensions ['python_setup_py']
[0.289s] Level 1:colcon.colcon_core.package_identification:_identify(C++ Courses) by extension 'python_setup_py'
[0.289s] Level 1:colcon.colcon_core.package_identification:_identify(Reports) by extensions ['ignore', 'ignore_ament_install']
[0.289s] Level 1:colcon.colcon_core.package_identification:_identify(Reports) by extension 'ignore'
[0.289s] Level 1:colcon.colcon_core.package_identification:_identify(Reports) by extension 'ignore_ament_install'
[0.289s] Level 1:colcon.colcon_core.package_identification:_identify(Reports) by extensions ['colcon_pkg']
[0.289s] Level 1:colcon.colcon_core.package_identification:_identify(Reports) by extension 'colcon_pkg'
[0.289s] Level 1:colcon.colcon_core.package_identification:_identify(Reports) by extensions ['colcon_meta']
[0.290s] Level 1:colcon.colcon_core.package_identification:_identify(Reports) by extension 'colcon_meta'
[0.290s] Level 1:colcon.colcon_core.package_identification:_identify(Reports) by extensions ['ros']
[0.290s] Level 1:colcon.colcon_core.package_identification:_identify(Reports) by extension 'ros'
[0.290s] Level 1:colcon.colcon_core.package_identification:_identify(Reports) by extensions ['cmake', 'python']
[0.290s] Level 1:colcon.colcon_core.package_identification:_identify(Reports) by extension 'cmake'
[0.290s] Level 1:colcon.colcon_core.package_identification:_identify(Reports) by extension 'python'
[0.290s] Level 1:colcon.colcon_core.package_identification:_identify(Reports) by extensions ['python_setup_py']
[0.290s] Level 1:colcon.colcon_core.package_identification:_identify(Reports) by extension 'python_setup_py'
[0.290s] Level 1:colcon.colcon_core.package_identification:_identify(build) by extensions ['ignore', 'ignore_ament_install']
[0.290s] Level 1:colcon.colcon_core.package_identification:_identify(build) by extension 'ignore'
[0.290s] Level 1:colcon.colcon_core.package_identification:_identify(build) ignored
[0.290s] Level 1:colcon.colcon_core.package_identification:_identify(install) by extensions ['ignore', 'ignore_ament_install']
[0.290s] Level 1:colcon.colcon_core.package_identification:_identify(install) by extension 'ignore'
[0.290s] Level 1:colcon.colcon_core.package_identification:_identify(install) ignored
[0.290s] Level 1:colcon.colcon_core.package_identification:_identify(log) by extensions ['ignore', 'ignore_ament_install']
[0.290s] Level 1:colcon.colcon_core.package_identification:_identify(log) by extension 'ignore'
[0.290s] Level 1:colcon.colcon_core.package_identification:_identify(log) ignored
[0.290s] Level 1:colcon.colcon_core.package_identification:_identify(src) by extensions ['ignore', 'ignore_ament_install']
[0.290s] Level 1:colcon.colcon_core.package_identification:_identify(src) by extension 'ignore'
[0.290s] Level 1:colcon.colcon_core.package_identification:_identify(src) by extension 'ignore_ament_install'
[0.290s] Level 1:colcon.colcon_core.package_identification:_identify(src) by extensions ['colcon_pkg']
[0.290s] Level 1:colcon.colcon_core.package_identification:_identify(src) by extension 'colcon_pkg'
[0.290s] Level 1:colcon.colcon_core.package_identification:_identify(src) by extensions ['colcon_meta']
[0.290s] Level 1:colcon.colcon_core.package_identification:_identify(src) by extension 'colcon_meta'
[0.290s] Level 1:colcon.colcon_core.package_identification:_identify(src) by extensions ['ros']
[0.290s] Level 1:colcon.colcon_core.package_identification:_identify(src) by extension 'ros'
[0.290s] Level 1:colcon.colcon_core.package_identification:_identify(src) by extensions ['cmake', 'python']
[0.290s] Level 1:colcon.colcon_core.package_identification:_identify(src) by extension 'cmake'
[0.290s] Level 1:colcon.colcon_core.package_identification:_identify(src) by extension 'python'
[0.290s] Level 1:colcon.colcon_core.package_identification:_identify(src) by extensions ['python_setup_py']
[0.290s] Level 1:colcon.colcon_core.package_identification:_identify(src) by extension 'python_setup_py'
[0.290s] Level 1:colcon.colcon_core.package_identification:_identify(src/rover_bot) by extensions ['ignore', 'ignore_ament_install']
[0.290s] Level 1:colcon.colcon_core.package_identification:_identify(src/rover_bot) by extension 'ignore'
[0.290s] Level 1:colcon.colcon_core.package_identification:_identify(src/rover_bot) by extension 'ignore_ament_install'
[0.290s] Level 1:colcon.colcon_core.package_identification:_identify(src/rover_bot) by extensions ['colcon_pkg']
[0.290s] Level 1:colcon.colcon_core.package_identification:_identify(src/rover_bot) by extension 'colcon_pkg'
[0.290s] Level 1:colcon.colcon_core.package_identification:_identify(src/rover_bot) by extensions ['colcon_meta']
[0.290s] Level 1:colcon.colcon_core.package_identification:_identify(src/rover_bot) by extension 'colcon_meta'
[0.290s] Level 1:colcon.colcon_core.package_identification:_identify(src/rover_bot) by extensions ['ros']
[0.290s] Level 1:colcon.colcon_core.package_identification:_identify(src/rover_bot) by extension 'ros'
[0.292s] DEBUG:colcon.colcon_core.package_identification:Package 'src/rover_bot' with type 'ros.ament_cmake' and name 'rover_bot'
[0.292s] Level 1:colcon.colcon_core.package_discovery:discover_packages(recursive) using defaults
[0.292s] Level 1:colcon.colcon_core.package_discovery:discover_packages(ignore) discover
[0.292s] Level 1:colcon.colcon_core.package_discovery:discover_packages(ignore) using defaults
[0.292s] Level 1:colcon.colcon_core.package_discovery:discover_packages(path) discover
[0.292s] Level 1:colcon.colcon_core.package_discovery:discover_packages(path) using defaults
[0.307s] Level 1:colcon.colcon_core.package_discovery:discover_packages(prefix_path) check parameters
[0.307s] Level 1:colcon.colcon_core.package_discovery:discover_packages(prefix_path) discover
[0.309s] DEBUG:colcon.colcon_installed_package_information.package_discovery:Found 1 installed packages in /home/aahir/ros2_ws/install
[0.310s] DEBUG:colcon.colcon_installed_package_information.package_discovery:Found 283 installed packages in /opt/ros/humble
[0.311s] Level 1:colcon.colcon_core.package_discovery:discover_packages(prefix_path) using defaults
[0.332s] Level 5:colcon.colcon_core.verb:set package 'rover_bot' build argument 'cmake_args' from command line to 'None'
[0.332s] Level 5:colcon.colcon_core.verb:set package 'rover_bot' build argument 'cmake_target' from command line to 'None'
[0.332s] Level 5:colcon.colcon_core.verb:set package 'rover_bot' build argument 'cmake_target_skip_unavailable' from command line to 'False'
[0.332s] Level 5:colcon.colcon_core.verb:set package 'rover_bot' build argument 'cmake_clean_cache' from command line to 'False'
[0.333s] Level 5:colcon.colcon_core.verb:set package 'rover_bot' build argument 'cmake_clean_first' from command line to 'False'
[0.333s] Level 5:colcon.colcon_core.verb:set package 'rover_bot' build argument 'cmake_force_configure' from command line to 'False'
[0.333s] Level 5:colcon.colcon_core.verb:set package 'rover_bot' build argument 'ament_cmake_args' from command line to 'None'
[0.333s] Level 5:colcon.colcon_core.verb:set package 'rover_bot' build argument 'catkin_cmake_args' from command line to 'None'
[0.333s] Level 5:colcon.colcon_core.verb:set package 'rover_bot' build argument 'catkin_skip_building_tests' from command line to 'False'
[0.333s] DEBUG:colcon.colcon_core.verb:Building package 'rover_bot' with the following arguments: {'ament_cmake_args': None, 'build_base': '/home/aahir/Group_01/build/rover_bot', 'catkin_cmake_args': None, 'catkin_skip_building_tests': False, 'cmake_args': None, 'cmake_clean_cache': False, 'cmake_clean_first': False, 'cmake_force_configure': False, 'cmake_target': None, 'cmake_target_skip_unavailable': False, 'install_base': '/home/aahir/Group_01/install/rover_bot', 'merge_install': False, 'path': '/home/aahir/Group_01/src/rover_bot', 'symlink_install': False, 'test_result_base': None}
[0.333s] INFO:colcon.colcon_core.executor:Executing jobs using 'parallel' executor
[0.333s] DEBUG:colcon.colcon_parallel_executor.executor.parallel:run_until_complete
[0.333s] INFO:colcon.colcon_ros.task.ament_cmake.build:Building ROS package in '/home/aahir/Group_01/src/rover_bot' with build type 'ament_cmake'
[0.333s] INFO:colcon.colcon_cmake.task.cmake.build:Building CMake package in '/home/aahir/Group_01/src/rover_bot'
[0.337s] INFO:colcon.colcon_core.plugin_system:Skipping extension 'colcon_core.shell.bat': Not used on non-Windows systems
[0.337s] INFO:colcon.colcon_core.shell:Skip shell extension 'powershell' for command environment: Not usable outside of PowerShell
[0.337s] DEBUG:colcon.colcon_core.shell:Skip shell extension 'dsv' for command environment
[0.341s] DEBUG:colcon.colcon_core.event_handler.log_command:Invoking command in '/home/aahir/Group_01/build/rover_bot': CMAKE_PREFIX_PATH=/opt/ros/humble /usr/bin/cmake /home/aahir/Group_01/src/rover_bot -DCMAKE_INSTALL_PREFIX=/home/aahir/Group_01/install/rover_bot
[2.455s] DEBUG:colcon.colcon_core.event_handler.log_command:Invoked command in '/home/aahir/Group_01/build/rover_bot' returned '0': CMAKE_PREFIX_PATH=/opt/ros/humble /usr/bin/cmake /home/aahir/Group_01/src/rover_bot -DCMAKE_INSTALL_PREFIX=/home/aahir/Group_01/install/rover_bot
[2.455s] DEBUG:colcon.colcon_core.event_handler.log_command:Invoking command in '/home/aahir/Group_01/build/rover_bot': CMAKE_PREFIX_PATH=/opt/ros/humble /usr/bin/cmake --build /home/aahir/Group_01/build/rover_bot -- -j14 -l14
[2.499s] DEBUG:colcon.colcon_core.event_handler.log_command:Invoked command in '/home/aahir/Group_01/build/rover_bot' returned '0': CMAKE_PREFIX_PATH=/opt/ros/humble /usr/bin/cmake --build /home/aahir/Group_01/build/rover_bot -- -j14 -l14
[2.505s] DEBUG:colcon.colcon_core.event_handler.log_command:Invoking command in '/home/aahir/Group_01/build/rover_bot': CMAKE_PREFIX_PATH=/opt/ros/humble /usr/bin/cmake --install /home/aahir/Group_01/build/rover_bot
[2.513s] Level 1:colcon.colcon_core.environment:create_environment_scripts_only(rover_bot)
[2.514s] DEBUG:colcon.colcon_core.event_handler.log_command:Invoked command in '/home/aahir/Group_01/build/rover_bot' returned '0': CMAKE_PREFIX_PATH=/opt/ros/humble /usr/bin/cmake --install /home/aahir/Group_01/build/rover_bot
[2.519s] Level 1:colcon.colcon_core.environment:checking '/home/aahir/Group_01/install/rover_bot' for CMake module files
[2.519s] Level 1:colcon.colcon_core.environment:checking '/home/aahir/Group_01/install/rover_bot' for CMake config files
[2.520s] Level 1:colcon.colcon_core.shell:create_environment_hook('rover_bot', 'cmake_prefix_path')
[2.520s] INFO:colcon.colcon_core.shell:Creating environment hook '/home/aahir/Group_01/install/rover_bot/share/rover_bot/hook/cmake_prefix_path.ps1'
[2.521s] INFO:colcon.colcon_core.shell:Creating environment descriptor '/home/aahir/Group_01/install/rover_bot/share/rover_bot/hook/cmake_prefix_path.dsv'
[2.521s] INFO:colcon.colcon_core.shell:Creating environment hook '/home/aahir/Group_01/install/rover_bot/share/rover_bot/hook/cmake_prefix_path.sh'
[2.522s] Level 1:colcon.colcon_core.environment:checking '/home/aahir/Group_01/install/rover_bot/bin'
[2.523s] Level 1:colcon.colcon_core.environment:checking '/home/aahir/Group_01/install/rover_bot/lib/pkgconfig/rover_bot.pc'
[2.523s] Level 1:colcon.colcon_core.environment:checking '/home/aahir/Group_01/install/rover_bot/lib/python3.10/site-packages'
[2.523s] Level 1:colcon.colcon_core.environment:checking '/home/aahir/Group_01/install/rover_bot/bin'
[2.524s] INFO:colcon.colcon_core.shell:Creating package script '/home/aahir/Group_01/install/rover_bot/share/rover_bot/package.ps1'
[2.525s] INFO:colcon.colcon_core.shell:Creating package descriptor '/home/aahir/Group_01/install/rover_bot/share/rover_bot/package.dsv'
[2.525s] INFO:colcon.colcon_core.shell:Creating package script '/home/aahir/Group_01/install/rover_bot/share/rover_bot/package.sh'
[2.526s] INFO:colcon.colcon_core.shell:Creating package script '/home/aahir/Group_01/install/rover_bot/share/rover_bot/package.bash'
[2.527s] INFO:colcon.colcon_core.shell:Creating package script '/home/aahir/Group_01/install/rover_bot/share/rover_bot/package.zsh'
[2.528s] Level 1:colcon.colcon_core.environment:create_file_with_runtime_dependencies(/home/aahir/Group_01/install/rover_bot/share/colcon-core/packages/rover_bot)
[2.529s] Level 1:colcon.colcon_core.environment:create_environment_scripts_only(rover_bot)
[2.529s] Level 1:colcon.colcon_core.environment:checking '/home/aahir/Group_01/install/rover_bot' for CMake module files
[2.530s] Level 1:colcon.colcon_core.environment:checking '/home/aahir/Group_01/install/rover_bot' for CMake config files
[2.530s] Level 1:colcon.colcon_core.shell:create_environment_hook('rover_bot', 'cmake_prefix_path')
[2.530s] INFO:colcon.colcon_core.shell:Creating environment hook '/home/aahir/Group_01/install/rover_bot/share/rover_bot/hook/cmake_prefix_path.ps1'
[2.531s] INFO:colcon.colcon_core.shell:Creating environment descriptor '/home/aahir/Group_01/install/rover_bot/share/rover_bot/hook/cmake_prefix_path.dsv'
[2.531s] INFO:colcon.colcon_core.shell:Creating environment hook '/home/aahir/Group_01/install/rover_bot/share/rover_bot/hook/cmake_prefix_path.sh'
[2.531s] Level 1:colcon.colcon_core.environment:checking '/home/aahir/Group_01/install/rover_bot/bin'
[2.531s] Level 1:colcon.colcon_core.environment:checking '/home/aahir/Group_01/install/rover_bot/lib/pkgconfig/rover_bot.pc'
[2.532s] Level 1:colcon.colcon_core.environment:checking '/home/aahir/Group_01/install/rover_bot/lib/python3.10/site-packages'
[2.532s] Level 1:colcon.colcon_core.environment:checking '/home/aahir/Group_01/install/rover_bot/bin'
[2.532s] INFO:colcon.colcon_core.shell:Creating package script '/home/aahir/Group_01/install/rover_bot/share/rover_bot/package.ps1'
[2.533s] INFO:colcon.colcon_core.shell:Creating package descriptor '/home/aahir/Group_01/install/rover_bot/share/rover_bot/package.dsv'
[2.533s] INFO:colcon.colcon_core.shell:Creating package script '/home/aahir/Group_01/install/rover_bot/share/rover_bot/package.sh'
[2.534s] INFO:colcon.colcon_core.shell:Creating package script '/home/aahir/Group_01/install/rover_bot/share/rover_bot/package.bash'
[2.534s] INFO:colcon.colcon_core.shell:Creating package script '/home/aahir/Group_01/install/rover_bot/share/rover_bot/package.zsh'
[2.535s] Level 1:colcon.colcon_core.environment:create_file_with_runtime_dependencies(/home/aahir/Group_01/install/rover_bot/share/colcon-core/packages/rover_bot)
[2.535s] DEBUG:colcon.colcon_parallel_executor.executor.parallel:closing loop
[2.535s] DEBUG:colcon.colcon_parallel_executor.executor.parallel:loop closed
[2.535s] DEBUG:colcon.colcon_parallel_executor.executor.parallel:run_until_complete finished with '0'
[2.535s] DEBUG:colcon.colcon_core.event_reactor:joining thread
[2.543s] INFO:colcon.colcon_core.plugin_system:Skipping extension 'colcon_notification.desktop_notification.terminal_notifier': Not used on non-Darwin systems
[2.544s] INFO:colcon.colcon_core.plugin_system:Skipping extension 'colcon_notification.desktop_notification.win32': Not used on non-Windows systems
[2.544s] INFO:colcon.colcon_notification.desktop_notification:Sending desktop notification using 'notify2'
[2.562s] DEBUG:colcon.colcon_core.event_reactor:joined thread
[2.563s] INFO:colcon.colcon_core.shell:Creating prefix script '/home/aahir/Group_01/install/local_setup.ps1'
[2.564s] INFO:colcon.colcon_core.shell:Creating prefix util module '/home/aahir/Group_01/install/_local_setup_util_ps1.py'
[2.566s] INFO:colcon.colcon_core.shell:Creating prefix chain script '/home/aahir/Group_01/install/setup.ps1'
[2.567s] INFO:colcon.colcon_core.shell:Creating prefix script '/home/aahir/Group_01/install/local_setup.sh'
[2.568s] INFO:colcon.colcon_core.shell:Creating prefix util module '/home/aahir/Group_01/install/_local_setup_util_sh.py'
[2.569s] INFO:colcon.colcon_core.shell:Creating prefix chain script '/home/aahir/Group_01/install/setup.sh'
[2.570s] INFO:colcon.colcon_core.shell:Creating prefix script '/home/aahir/Group_01/install/local_setup.bash'
[2.570s] INFO:colcon.colcon_core.shell:Creating prefix chain script '/home/aahir/Group_01/install/setup.bash'
[2.571s] INFO:colcon.colcon_core.shell:Creating prefix script '/home/aahir/Group_01/install/local_setup.zsh'
[2.572s] INFO:colcon.colcon_core.shell:Creating prefix chain script '/home/aahir/Group_01/install/setup.zsh'
