[0.007s] Invoking command in '/home/aahir/Group_01/build/rover_bot': CMAKE_PREFIX_PATH=/opt/ros/humble /usr/bin/cmake /home/aahir/Group_01/src/rover_bot -DCMAKE_INSTALL_PREFIX=/home/aahir/Group_01/install/rover_bot
[0.113s] -- The C compiler identification is GNU 11.4.0
[0.203s] -- The CXX compiler identification is GNU 11.4.0
[0.214s] -- Detecting C compiler ABI info
[0.300s] -- Detecting C compiler ABI info - done
[0.309s] -- Check for working C compiler: /usr/bin/cc - skipped
[0.310s] -- Detecting C compile features
[0.311s] -- Detecting C compile features - done
[0.316s] -- Detecting CXX compiler ABI info
[0.399s] -- Detecting CXX compiler ABI info - done
[0.408s] -- Check for working CXX compiler: /usr/bin/c++ - skipped
[0.408s] -- Detecting CXX compile features
[0.408s] -- Detecting CXX compile features - done
[0.416s] -- Found ament_cmake: 1.3.14 (/opt/ros/humble/share/ament_cmake/cmake)
[0.560s] -- Found Python3: /usr/bin/python3 (found version "3.10.12") found components: Interpreter 
[0.642s] -- Found rclcpp: 16.0.19 (/opt/ros/humble/share/rclcpp/cmake)
[0.680s] -- Found rosidl_generator_c: 3.1.8 (/opt/ros/humble/share/rosidl_generator_c/cmake)
[0.684s] -- Found rosidl_adapter: 3.1.8 (/opt/ros/humble/share/rosidl_adapter/cmake)
[0.690s] -- Found rosidl_generator_cpp: 3.1.8 (/opt/ros/humble/share/rosidl_generator_cpp/cmake)
[0.700s] -- Using all available rosidl_typesupport_c: rosidl_typesupport_fastrtps_c;rosidl_typesupport_introspection_c
[0.711s] -- Using all available rosidl_typesupport_cpp: rosidl_typesupport_fastrtps_cpp;rosidl_typesupport_introspection_cpp
[0.741s] -- Found rmw_implementation_cmake: 6.1.2 (/opt/ros/humble/share/rmw_implementation_cmake/cmake)
[0.743s] -- Found rmw_fastrtps_cpp: 6.2.10 (/opt/ros/humble/share/rmw_fastrtps_cpp/cmake)
[0.813s] -- Found OpenSSL: /usr/lib/x86_64-linux-gnu/libcrypto.so (found version "3.0.2")  
[0.833s] -- Found FastRTPS: /opt/ros/humble/include  
[0.866s] -- Using RMW implementation 'rmw_fastrtps_cpp' as default
[0.877s] -- Looking for pthread.h
[0.952s] -- Looking for pthread.h - found
[0.952s] -- Performing Test CMAKE_HAVE_LIBC_PTHREAD
[1.033s] -- Performing Test CMAKE_HAVE_LIBC_PTHREAD - Success
[1.035s] -- Found Threads: TRUE  
[1.088s] -- Found gazebo_ros: 3.9.0 (/opt/ros/humble/share/gazebo_ros/cmake)
[1.098s] -- Found PkgConfig: /usr/bin/pkg-config (found version "0.29.2") 
[1.099s] -- Checking for module 'bullet>=2.82'
[1.112s] --   Found bullet, version 3.05
[1.223s] -- Found fcl: /usr/include (found suitable version "0.7.0", minimum required is "0.5.0") 
[1.279s] -- Found assimp: /usr/include (found version "5.2.0") 
[1.314s] -- Found DART: /usr/include (Required is at least version "6.6") found components: dart 
[1.332s] -- Found Boost: /usr/lib/x86_64-linux-gnu/cmake/Boost-1.74.0/BoostConfig.cmake (found suitable version "1.74.0", minimum required is "1.40.0") found components: thread system filesystem program_options regex iostreams date_time 
[1.349s] -- Found Protobuf: /usr/lib/x86_64-linux-gnu/libprotobuf.so (found version "3.12.4") 
[1.354s] -- Looking for ignition-math6 -- found version 6.15.1
[1.360s] -- Searching for dependencies of ignition-math6
[1.362s] -- Looking for OGRE...
[1.362s] -- OGRE_PREFIX_WATCH changed.
[1.365s] -- Checking for module 'OGRE'
[1.381s] --   Found OGRE, version 1.9.0
[1.424s] -- Found Ogre Ghadamon (1.9.0)
[1.433s] -- Found OGRE: optimized;/usr/lib/x86_64-linux-gnu/libOgreMain.so;debug;/usr/lib/x86_64-linux-gnu/libOgreMain.so
[1.447s] -- Looking for OGRE_Paging...
[1.451s] -- Found OGRE_Paging: optimized;/usr/lib/x86_64-linux-gnu/libOgrePaging.so;debug;/usr/lib/x86_64-linux-gnu/libOgrePaging.so
[1.451s] -- Looking for OGRE_Terrain...
[1.454s] -- Found OGRE_Terrain: optimized;/usr/lib/x86_64-linux-gnu/libOgreTerrain.so;debug;/usr/lib/x86_64-linux-gnu/libOgreTerrain.so
[1.454s] -- Looking for OGRE_Property...
[1.455s] -- Found OGRE_Property: optimized;/usr/lib/x86_64-linux-gnu/libOgreProperty.so;debug;/usr/lib/x86_64-linux-gnu/libOgreProperty.so
[1.455s] -- Looking for OGRE_RTShaderSystem...
[1.457s] -- Found OGRE_RTShaderSystem: optimized;/usr/lib/x86_64-linux-gnu/libOgreRTShaderSystem.so;debug;/usr/lib/x86_64-linux-gnu/libOgreRTShaderSystem.so
[1.457s] -- Looking for OGRE_Volume...
[1.459s] -- Found OGRE_Volume: optimized;/usr/lib/x86_64-linux-gnu/libOgreVolume.so;debug;/usr/lib/x86_64-linux-gnu/libOgreVolume.so
[1.459s] -- Looking for OGRE_Overlay...
[1.460s] -- Found OGRE_Overlay: optimized;/usr/lib/x86_64-linux-gnu/libOgreOverlay.so;debug;/usr/lib/x86_64-linux-gnu/libOgreOverlay.so
[1.498s] -- Looking for ignition-math6 -- found version 6.15.1
[1.501s] -- Looking for ignition-transport8 -- found version 8.2.1
[1.501s] -- Searching for dependencies of ignition-transport8
[1.512s] -- Found Protobuf: /usr/lib/x86_64-linux-gnu/libprotobuf.so (found suitable version "3.12.4", minimum required is "3") 
[1.517s] -- Config-file not installed for ZeroMQ -- checking for pkg-config
[1.520s] -- Checking for module 'libzmq >= 4'
[1.532s] --   Found libzmq , version 4.3.4
[1.564s] -- Found ZeroMQ: TRUE (Required is at least version "4") 
[1.572s] -- Checking for module 'uuid'
[1.588s] --   Found uuid, version 2.37.2
[1.626s] -- Found UUID: TRUE  
[1.630s] -- Looking for ignition-msgs5 -- found version 5.8.1
[1.631s] -- Searching for dependencies of ignition-msgs5
[1.649s] -- Looking for ignition-math6 -- found version 6.15.1
[1.655s] -- Checking for module 'tinyxml2'
[1.670s] --   Found tinyxml2, version 9.0.0
[1.719s] -- Looking for ignition-msgs5 -- found version 5.8.1
[1.722s] -- Looking for ignition-common3 -- found version 3.14.0
[1.722s] -- Searching for dependencies of ignition-common3
[1.723s] -- Looking for dlfcn.h - found
[1.723s] -- Looking for libdl - found
[1.725s] -- Found DL: TRUE  
[1.737s] -- Found tinyobjloader: /usr/lib/x86_64-linux-gnu/cmake/tinyobjloader/tinyobjloader-config.cmake (found version "2.0.0") 
[1.738s] -- Searching for <ignition-common3> component [graphics]
[1.739s] -- Looking for ignition-common3-graphics -- found version 3.14.0
[1.740s] -- Searching for dependencies of ignition-common3-graphics
[1.740s] -- Looking for ignition-math6 -- found version 6.15.1
[1.742s] -- Looking for ignition-fuel_tools4 -- found version 4.4.0
[1.742s] -- Searching for dependencies of ignition-fuel_tools4
[1.807s] -- Found CURL: /usr/lib/x86_64-linux-gnu/libcurl.so (found version "7.81.0")  
[1.819s] -- Checking for module 'jsoncpp'
[1.834s] --   Found jsoncpp, version 1.9.5
[1.876s] -- Found JSONCPP: TRUE  
[1.885s] -- Checking for module 'libzip'
[1.903s] --   Found libzip, version 1.7.3
[1.938s] -- Found ZIP: TRUE  
[1.939s] -- Looking for ignition-common3 -- found version 3.14.0
[1.939s] -- Looking for ignition-math6 -- found version 6.15.1
[1.940s] -- Looking for ignition-msgs5 -- found version 5.8.1
[1.944s] -- Gazebo version: 11.10
[1.945s] -- Checking for module 'tbb'
[1.958s] --   Found tbb, version 2021.5.0
[2.000s] -- Found urdf: 2.6.1 (/opt/ros/humble/share/urdf/cmake)
[2.033s] -- Found xacro: 2.1.1 (/opt/ros/humble/share/xacro/cmake)
[2.034s] -- Found ament_lint_auto: 0.12.15 (/opt/ros/humble/share/ament_lint_auto/cmake)
[2.102s] -- Added test 'flake8' to check Python code syntax and style conventions
[2.103s] -- Added test 'lint_cmake' to check CMake code style
[2.104s] -- Added test 'pep257' to check Python code against some of the docstring style conventions in PEP 257
[2.105s] -- Added test 'xmllint' to check XML markup files
[2.106s] -- Configuring done
[2.110s] -- Generating done
[2.112s] -- Build files have been written to: /home/aahir/Group_01/build/rover_bot
[2.121s] Invoked command in '/home/aahir/Group_01/build/rover_bot' returned '0': CMAKE_PREFIX_PATH=/opt/ros/humble /usr/bin/cmake /home/aahir/Group_01/src/rover_bot -DCMAKE_INSTALL_PREFIX=/home/aahir/Group_01/install/rover_bot
[2.121s] Invoking command in '/home/aahir/Group_01/build/rover_bot': CMAKE_PREFIX_PATH=/opt/ros/humble /usr/bin/cmake --build /home/aahir/Group_01/build/rover_bot -- -j14 -l14
[2.165s] Invoked command in '/home/aahir/Group_01/build/rover_bot' returned '0': CMAKE_PREFIX_PATH=/opt/ros/humble /usr/bin/cmake --build /home/aahir/Group_01/build/rover_bot -- -j14 -l14
[2.171s] Invoking command in '/home/aahir/Group_01/build/rover_bot': CMAKE_PREFIX_PATH=/opt/ros/humble /usr/bin/cmake --install /home/aahir/Group_01/build/rover_bot
[2.176s] -- Install configuration: ""
[2.176s] -- Installing: /home/aahir/Group_01/install/rover_bot/share/rover_bot/launch
[2.176s] -- Installing: /home/aahir/Group_01/install/rover_bot/share/rover_bot/urdf
[2.176s] -- Installing: /home/aahir/Group_01/install/rover_bot/share/rover_bot/urdf/rover.xacro
[2.177s] -- Installing: /home/aahir/Group_01/install/rover_bot/share/rover_bot/urdf/launch
[2.177s] -- Installing: /home/aahir/Group_01/install/rover_bot/share/rover_bot/urdf/launch/gazebo.launch.py
[2.178s] -- Installing: /home/aahir/Group_01/install/rover_bot/share/rover_bot/worlds
[2.178s] -- Installing: /home/aahir/Group_01/install/rover_bot/share/rover_bot/rviz
[2.178s] -- Installing: /home/aahir/Group_01/install/rover_bot/share/ament_index/resource_index/package_run_dependencies/rover_bot
[2.178s] -- Installing: /home/aahir/Group_01/install/rover_bot/share/ament_index/resource_index/parent_prefix_path/rover_bot
[2.178s] -- Installing: /home/aahir/Group_01/install/rover_bot/share/rover_bot/environment/ament_prefix_path.sh
[2.178s] -- Installing: /home/aahir/Group_01/install/rover_bot/share/rover_bot/environment/ament_prefix_path.dsv
[2.178s] -- Installing: /home/aahir/Group_01/install/rover_bot/share/rover_bot/environment/path.sh
[2.178s] -- Installing: /home/aahir/Group_01/install/rover_bot/share/rover_bot/environment/path.dsv
[2.178s] -- Installing: /home/aahir/Group_01/install/rover_bot/share/rover_bot/local_setup.bash
[2.178s] -- Installing: /home/aahir/Group_01/install/rover_bot/share/rover_bot/local_setup.sh
[2.178s] -- Installing: /home/aahir/Group_01/install/rover_bot/share/rover_bot/local_setup.zsh
[2.178s] -- Installing: /home/aahir/Group_01/install/rover_bot/share/rover_bot/local_setup.dsv
[2.178s] -- Installing: /home/aahir/Group_01/install/rover_bot/share/rover_bot/package.dsv
[2.178s] -- Installing: /home/aahir/Group_01/install/rover_bot/share/ament_index/resource_index/packages/rover_bot
[2.178s] -- Installing: /home/aahir/Group_01/install/rover_bot/share/rover_bot/cmake/rover_botConfig.cmake
[2.178s] -- Installing: /home/aahir/Group_01/install/rover_bot/share/rover_bot/cmake/rover_botConfig-version.cmake
[2.178s] -- Installing: /home/aahir/Group_01/install/rover_bot/share/rover_bot/package.xml
[2.180s] Invoked command in '/home/aahir/Group_01/build/rover_bot' returned '0': CMAKE_PREFIX_PATH=/opt/ros/humble /usr/bin/cmake --install /home/aahir/Group_01/build/rover_bot
